<?xml version="1.0" encoding="UTF-8"?>
<!-- Generated by org.testng.reporters.JUnitXMLReporter -->
<testsuite ignored="0" hostname="fedora" failures="0" tests="3" name="Parallel Tests" time="20.56" errors="0" timestamp="2025-02-02T20:42:48 IST">
  <testcase classname="TryPackage.ParallelTest" name="login" time="7.748"/>
  <testcase classname="TryPackage.ParallelTest" name="login" time="15.64"/>
  <testcase classname="TryPackage.ParallelTest" name="login" time="17.554"/>
</testsuite> <!-- Parallel Tests -->
