<?xml version="1.0" encoding="UTF-8"?>
<testng-results ignored="0" total="1" passed="1" failed="0" skipped="0">
  <reporter-output>
  </reporter-output>
  <suite started-at="2025-01-31T00:29:19 IST" name="Parallel Suite" finished-at="2025-01-31T00:29:33 IST" duration-ms="13626">
    <groups>
    </groups>
    <test started-at="2025-01-31T00:29:19 IST" name="Parallel Tests" finished-at="2025-01-31T00:29:33 IST" duration-ms="13626">
      <class name="TryPackage.ParallelTest">
        <test-method is-config="true" signature="setup()[pri:0, instance:TryPackage.ParallelTest@6b2ea799]" started-at="2025-01-31T00:29:19 IST" name="setup" finished-at="2025-01-31T00:29:30 IST" duration-ms="10394" status="PASS">
          <reporter-output>
          </reporter-output>
        </test-method> <!-- setup -->
        <test-method signature="login(java.lang.String)[pri:0, instance:TryPackage.ParallelTest@6b2ea799]" started-at="2025-01-31T00:29:30 IST" name="login" finished-at="2025-01-31T00:29:33 IST" duration-ms="3190" status="PASS">
          <params>
            <param index="0">
              <value>
                <![CDATA[https://www.google.com]]>
              </value>
            </param>
          </params>
          <reporter-output>
          </reporter-output>
        </test-method> <!-- login -->
        <test-method is-config="true" signature="tearDown()[pri:0, instance:TryPackage.ParallelTest@6b2ea799]" started-at="2025-01-31T00:29:33 IST" name="tearDown" finished-at="2025-01-31T00:29:33 IST" duration-ms="0" status="PASS">
          <reporter-output>
          </reporter-output>
        </test-method> <!-- tearDown -->
      </class> <!-- TryPackage.ParallelTest -->
    </test> <!-- Parallel Tests -->
  </suite> <!-- Parallel Suite -->
</testng-results>
