<?xml version="1.0" encoding="UTF-8"?>
<testng-results ignored="0" total="3" passed="3" failed="0" skipped="0">
  <reporter-output>
  </reporter-output>
  <suite started-at="2025-02-02T20:42:27 IST" name="Parallel Suite" finished-at="2025-02-02T20:42:48 IST" duration-ms="20560">
    <groups>
    </groups>
    <test started-at="2025-02-02T20:42:27 IST" name="Parallel Tests" finished-at="2025-02-02T20:42:48 IST" duration-ms="20560">
      <class name="TryPackage.ParallelTest">
        <test-method is-config="true" signature="setup()[pri:0, instance:TryPackage.ParallelTest@3c46e67a]" started-at="2025-02-02T20:42:27 IST" name="setup" finished-at="2025-02-02T20:42:31 IST" duration-ms="3534" status="PASS">
          <reporter-output>
          </reporter-output>
        </test-method> <!-- setup -->
        <test-method is-config="true" signature="setup()[pri:0, instance:TryPackage.ParallelTest@3c46e67a]" started-at="2025-02-02T20:42:27 IST" name="setup" finished-at="2025-02-02T20:42:29 IST" duration-ms="2410" status="PASS">
          <reporter-output>
          </reporter-output>
        </test-method> <!-- setup -->
        <test-method is-config="true" signature="setup()[pri:0, instance:TryPackage.ParallelTest@3c46e67a]" started-at="2025-02-02T20:42:27 IST" name="setup" finished-at="2025-02-02T20:42:30 IST" duration-ms="2977" status="PASS">
          <reporter-output>
          </reporter-output>
        </test-method> <!-- setup -->
        <test-method signature="login(java.lang.String)[pri:1, instance:TryPackage.ParallelTest@3c46e67a]" started-at="2025-02-02T20:42:29 IST" name="login" data-provider="urlProvider" finished-at="2025-02-02T20:42:37 IST" duration-ms="7748" status="PASS">
          <params>
            <param index="0">
              <value>
                <![CDATA[https://amazon.com/]]>
              </value>
            </param>
          </params>
          <reporter-output>
          </reporter-output>
        </test-method> <!-- login -->
        <test-method signature="login(java.lang.String)[pri:1, instance:TryPackage.ParallelTest@3c46e67a]" started-at="2025-02-02T20:42:30 IST" name="login" data-provider="urlProvider" finished-at="2025-02-02T20:42:48 IST" duration-ms="17554" status="PASS">
          <params>
            <param index="0">
              <value>
                <![CDATA[https://slack.com/]]>
              </value>
            </param>
          </params>
          <reporter-output>
          </reporter-output>
        </test-method> <!-- login -->
        <test-method signature="login(java.lang.String)[pri:1, instance:TryPackage.ParallelTest@3c46e67a]" started-at="2025-02-02T20:42:31 IST" name="login" data-provider="urlProvider" finished-at="2025-02-02T20:42:46 IST" duration-ms="15640" status="PASS">
          <params>
            <param index="0">
              <value>
                <![CDATA[https://dropbox.com/]]>
              </value>
            </param>
          </params>
          <reporter-output>
          </reporter-output>
        </test-method> <!-- login -->
        <test-method is-config="true" signature="tearDown()[pri:0, instance:TryPackage.ParallelTest@3c46e67a]" started-at="2025-02-02T20:42:48 IST" name="tearDown" finished-at="2025-02-02T20:42:51 IST" duration-ms="3227" status="PASS">
          <reporter-output>
          </reporter-output>
        </test-method> <!-- tearDown -->
      </class> <!-- TryPackage.ParallelTest -->
    </test> <!-- Parallel Tests -->
  </suite> <!-- Parallel Suite -->
</testng-results>
